[verify:s18] validate contracts JSON
contracts_v1.json:VALID
[verify:s18] contract policy controls present
policy_controls:VALID
[verify:s18] required tests declared in contracts exist
required_tests_count=10
[verify:s18] gap-proof artifact exists and is complete
gap_proof:VALID
[verify:s18] evidence index present for status claims
[verify:s18] maintainability budgets (no-god-file checks)
maintainability:PASS files=8
[verify:s18] scope allowlist gate and gap-proof-before-net-new (commit delta)
scope_allowlist:SKIP(local run, enforced in CI)
[verify:s18] run S18 tests
TAP version 13
# (node:25601) ExperimentalWarning: Type Stripping is an experimental feature and might change at any time
# (Use `node --trace-warnings ...` to show where the warning was created)
# (node:25601) [MODULE_TYPELESS_PACKAGE_JSON] Warning: Module type of file:///Volumes/X9_DEV/Dev/Projects/promptops-gui/tests/s18/ci_policy.test.ts is not specified and it doesn't parse as CommonJS.
# Reparsing as ES module because module syntax was detected. This incurs a performance overhead.
# To eliminate this warning, add "type": "module" to /Volumes/X9_DEV/Dev/Projects/promptops-gui/package.json.
# Subtest: S18 CI policy: package scripts expose governance verification commands
ok 1 - S18 CI policy: package scripts expose governance verification commands
  ---
  duration_ms: 0.567542
  type: 'test'
  ...
# Subtest: S18 CI policy: verify workflow executes S18 governance gate
ok 2 - S18 CI policy: verify workflow executes S18 governance gate
  ---
  duration_ms: 0.777167
  type: 'test'
  ...
# Subtest: S18 CI policy: verify_s18 enforces determinism and hardpath stoplights
ok 3 - S18 CI policy: verify_s18 enforces determinism and hardpath stoplights
  ---
  duration_ms: 0.179834
  type: 'test'
  ...
# Subtest: S18 CI policy: contract gate outcomes include milestone and scope controls
ok 4 - S18 CI policy: contract gate outcomes include milestone and scope controls
  ---
  duration_ms: 0.227917
  type: 'test'
  ...
# (node:25602) ExperimentalWarning: Type Stripping is an experimental feature and might change at any time
# (Use `node --trace-warnings ...` to show where the warning was created)
# (node:25602) [MODULE_TYPELESS_PACKAGE_JSON] Warning: Module type of file:///Volumes/X9_DEV/Dev/Projects/promptops-gui/tests/s18/compiler_determinism.test.ts is not specified and it doesn't parse as CommonJS.
# Reparsing as ES module because module syntax was detected. This incurs a performance overhead.
# To eliminate this warning, add "type": "module" to /Volumes/X9_DEV/Dev/Projects/promptops-gui/package.json.
# Subtest: S18 compiler: same inputs produce byte-identical prompt artifact
ok 5 - S18 compiler: same inputs produce byte-identical prompt artifact
  ---
  duration_ms: 1.893375
  type: 'test'
  ...
# Subtest: S18 compiler: missing placeholders fail deterministically
ok 6 - S18 compiler: missing placeholders fail deterministically
  ---
  duration_ms: 1.651208
  type: 'test'
  ...
# (node:25603) ExperimentalWarning: Type Stripping is an experimental feature and might change at any time
# (Use `node --trace-warnings ...` to show where the warning was created)
# (node:25603) [MODULE_TYPELESS_PACKAGE_JSON] Warning: Module type of file:///Volumes/X9_DEV/Dev/Projects/promptops-gui/tests/s18/contracts.test.ts is not specified and it doesn't parse as CommonJS.
# Reparsing as ES module because module syntax was detected. This incurs a performance overhead.
# To eliminate this warning, add "type": "module" to /Volumes/X9_DEV/Dev/Projects/promptops-gui/package.json.
# Subtest: S18 contracts: schema file is valid and includes core loop/state guarantees
ok 7 - S18 contracts: schema file is valid and includes core loop/state guarantees
  ---
  duration_ms: 0.861542
  type: 'test'
  ...
# Subtest: S18 contracts: CI required tests list exists and files are present
ok 8 - S18 contracts: CI required tests list exists and files are present
  ---
  duration_ms: 0.321416
  type: 'test'
  ...
# Subtest: S18 contracts: blocked transition coverage includes project_bootstrapped
ok 9 - S18 contracts: blocked transition coverage includes project_bootstrapped
  ---
  duration_ms: 0.133958
  type: 'test'
  ...
# (node:25604) ExperimentalWarning: Type Stripping is an experimental feature and might change at any time
# (Use `node --trace-warnings ...` to show where the warning was created)
# (node:25604) [MODULE_TYPELESS_PACKAGE_JSON] Warning: Module type of file:///Volumes/X9_DEV/Dev/Projects/promptops-gui/tests/s18/orchestration_loop.test.ts is not specified and it doesn't parse as CommonJS.
# Reparsing as ES module because module syntax was detected. This incurs a performance overhead.
# To eliminate this warning, add "type": "module" to /Volumes/X9_DEV/Dev/Projects/promptops-gui/package.json.
# Subtest: S18 orchestration: complete verdict reaches done
ok 10 - S18 orchestration: complete verdict reaches done
  ---
  duration_ms: 0.442375
  type: 'test'
  ...
# Subtest: S18 orchestration: delta verdict routes to delta_required then prompt_ready
ok 11 - S18 orchestration: delta verdict routes to delta_required then prompt_ready
  ---
  duration_ms: 0.133291
  type: 'test'
  ...
# Subtest: S18 orchestration: needs_input verdict routes to blocked
ok 12 - S18 orchestration: needs_input verdict routes to blocked
  ---
  duration_ms: 0.061
  type: 'test'
  ...
# (node:25605) ExperimentalWarning: Type Stripping is an experimental feature and might change at any time
# (Use `node --trace-warnings ...` to show where the warning was created)
# (node:25605) [MODULE_TYPELESS_PACKAGE_JSON] Warning: Module type of file:///Volumes/X9_DEV/Dev/Projects/promptops-gui/tests/s18/planner_determinism.test.ts is not specified and it doesn't parse as CommonJS.
# Reparsing as ES module because module syntax was detected. This incurs a performance overhead.
# To eliminate this warning, add "type": "module" to /Volumes/X9_DEV/Dev/Projects/promptops-gui/package.json.
# Subtest: S18 planner: same input yields identical canonical JSON and hash
ok 13 - S18 planner: same input yields identical canonical JSON and hash
  ---
  duration_ms: 2.962292
  type: 'test'
  ...
# Subtest: S18 planner: fallback requirement is deterministic when template has no bullets
ok 14 - S18 planner: fallback requirement is deterministic when template has no bullets
  ---
  duration_ms: 1.310583
  type: 'test'
  ...
# (node:25606) ExperimentalWarning: Type Stripping is an experimental feature and might change at any time
# (Use `node --trace-warnings ...` to show where the warning was created)
# (node:25606) [MODULE_TYPELESS_PACKAGE_JSON] Warning: Module type of file:///Volumes/X9_DEV/Dev/Projects/promptops-gui/tests/s18/policy_controls.test.ts is not specified and it doesn't parse as CommonJS.
# Reparsing as ES module because module syntax was detected. This incurs a performance overhead.
# To eliminate this warning, add "type": "module" to /Volumes/X9_DEV/Dev/Projects/promptops-gui/package.json.
# Subtest: S18 policy controls: contract defines maintainability, scope, and evidence locks
ok 15 - S18 policy controls: contract defines maintainability, scope, and evidence locks
  ---
  duration_ms: 0.626167
  type: 'test'
  ...
# Subtest: S18 policy controls: verify script enforces gap-proof, scope allowlist, and receipt index
ok 16 - S18 policy controls: verify script enforces gap-proof, scope allowlist, and receipt index
  ---
  duration_ms: 0.19225
  type: 'test'
  ...
# (node:25607) ExperimentalWarning: Type Stripping is an experimental feature and might change at any time
# (Use `node --trace-warnings ...` to show where the warning was created)
# (node:25607) [MODULE_TYPELESS_PACKAGE_JSON] Warning: Module type of file:///Volumes/X9_DEV/Dev/Projects/promptops-gui/tests/s18/project_bootstrap.test.ts is not specified and it doesn't parse as CommonJS.
# Reparsing as ES module because module syntax was detected. This incurs a performance overhead.
# To eliminate this warning, add "type": "module" to /Volumes/X9_DEV/Dev/Projects/promptops-gui/package.json.
# Subtest: S18 bootstrap: deterministic project naming and explicit repo root
ok 17 - S18 bootstrap: deterministic project naming and explicit repo root
  ---
  duration_ms: 1.716208
  type: 'test'
  ...
# Subtest: S18 bootstrap: env fallback works when explicit input is absent
ok 18 - S18 bootstrap: env fallback works when explicit input is absent
  ---
  duration_ms: 0.191584
  type: 'test'
  ...
# Subtest: S18 bootstrap: missing repo root hard-stops deterministically
ok 19 - S18 bootstrap: missing repo root hard-stops deterministically
  ---
  duration_ms: 0.259375
  type: 'test'
  ...
# (node:25608) ExperimentalWarning: Type Stripping is an experimental feature and might change at any time
# (Use `node --trace-warnings ...` to show where the warning was created)
# (node:25608) [MODULE_TYPELESS_PACKAGE_JSON] Warning: Module type of file:///Volumes/X9_DEV/Dev/Projects/promptops-gui/tests/s18/replay_resume.test.ts is not specified and it doesn't parse as CommonJS.
# Reparsing as ES module because module syntax was detected. This incurs a performance overhead.
# To eliminate this warning, add "type": "module" to /Volumes/X9_DEV/Dev/Projects/promptops-gui/package.json.
# Subtest: S18 replay/resume: checkpoint round-trip preserves payload hash
ok 20 - S18 replay/resume: checkpoint round-trip preserves payload hash
  ---
  duration_ms: 4.396416
  type: 'test'
  ...
# Subtest: S18 replay/resume: payload drift changes deterministic hash
ok 21 - S18 replay/resume: payload drift changes deterministic hash
  ---
  duration_ms: 0.116417
  type: 'test'
  ...
# (node:25609) ExperimentalWarning: Type Stripping is an experimental feature and might change at any time
# (Use `node --trace-warnings ...` to show where the warning was created)
# (node:25609) [MODULE_TYPELESS_PACKAGE_JSON] Warning: Module type of file:///Volumes/X9_DEV/Dev/Projects/promptops-gui/tests/s18/repo_root_injection.test.ts is not specified and it doesn't parse as CommonJS.
# Reparsing as ES module because module syntax was detected. This incurs a performance overhead.
# To eliminate this warning, add "type": "module" to /Volumes/X9_DEV/Dev/Projects/promptops-gui/package.json.
# Subtest: S18 prompt context: injects deterministic project context fields
ok 22 - S18 prompt context: injects deterministic project context fields
  ---
  duration_ms: 1.442167
  type: 'test'
  ...
# Subtest: S18 compiler: generated prompt includes repo root + strategy context
ok 23 - S18 compiler: generated prompt includes repo root + strategy context
  ---
  duration_ms: 0.456666
  type: 'test'
  ...
# (node:25610) ExperimentalWarning: Type Stripping is an experimental feature and might change at any time
# (Use `node --trace-warnings ...` to show where the warning was created)
# (node:25610) [MODULE_TYPELESS_PACKAGE_JSON] Warning: Module type of file:///Volumes/X9_DEV/Dev/Projects/promptops-gui/tests/s18/state_machine.test.ts is not specified and it doesn't parse as CommonJS.
# Reparsing as ES module because module syntax was detected. This incurs a performance overhead.
# To eliminate this warning, add "type": "module" to /Volumes/X9_DEV/Dev/Projects/promptops-gui/package.json.
# Subtest: S18 state machine: legal path reaches done
ok 24 - S18 state machine: legal path reaches done
  ---
  duration_ms: 5.044917
  type: 'test'
  ...
# Subtest: S18 state machine: delta verdict loops back via delta_required
ok 25 - S18 state machine: delta verdict loops back via delta_required
  ---
  duration_ms: 0.159375
  type: 'test'
  ...
# Subtest: S18 state machine: illegal transitions are rejected
ok 26 - S18 state machine: illegal transitions are rejected
  ---
  duration_ms: 0.204375
  type: 'test'
  ...
1..26
# tests 26
# suites 0
# pass 26
# fail 0
# cancelled 0
# skipped 0
# todo 0
# duration_ms 333.252917
[verify:s18] stoplight non-determinism grep (src/s18 only)
[verify:s18] stoplight hardcoded path grep (src/s18 only)
[verify:s18] PASS
