[verify:s18] validate contracts JSON
contracts_v1.json:VALID
[verify:s18] contract policy controls present
policy_controls:VALID
[verify:s18] required tests declared in contracts exist
required_tests_count=11
[verify:s18] gap-proof artifact exists and is complete
gap_proof:VALID
[verify:s18] evidence index present for status claims
[verify:s18] maintainability budgets (no-god-file checks)
maintainability:PASS files=9
[verify:s18] scope allowlist gate and gap-proof-before-net-new (commit delta)
scope_allowlist:SKIP(local run, enforced in CI)
[verify:s18] run S18 tests
TAP version 13
# (node:49681) ExperimentalWarning: Type Stripping is an experimental feature and might change at any time
# (Use `node --trace-warnings ...` to show where the warning was created)
# (node:49681) [MODULE_TYPELESS_PACKAGE_JSON] Warning: Module type of file:///Volumes/X9_DEV/Dev/Projects/promptops-gui/tests/s18/ci_policy.test.ts is not specified and it doesn't parse as CommonJS.
# Reparsing as ES module because module syntax was detected. This incurs a performance overhead.
# To eliminate this warning, add "type": "module" to /Volumes/X9_DEV/Dev/Projects/promptops-gui/package.json.
# Subtest: S18 CI policy: package scripts expose governance verification commands
ok 1 - S18 CI policy: package scripts expose governance verification commands
  ---
  duration_ms: 2.013542
  type: 'test'
  ...
# Subtest: S18 CI policy: verify workflow executes S18 governance gate
ok 2 - S18 CI policy: verify workflow executes S18 governance gate
  ---
  duration_ms: 2.189
  type: 'test'
  ...
# Subtest: S18 CI policy: verify_s18 enforces determinism and hardpath stoplights
ok 3 - S18 CI policy: verify_s18 enforces determinism and hardpath stoplights
  ---
  duration_ms: 2.681
  type: 'test'
  ...
# Subtest: S18 CI policy: contract gate outcomes include milestone and scope controls
ok 4 - S18 CI policy: contract gate outcomes include milestone and scope controls
  ---
  duration_ms: 4.303833
  type: 'test'
  ...
# (node:49682) ExperimentalWarning: Type Stripping is an experimental feature and might change at any time
# (Use `node --trace-warnings ...` to show where the warning was created)
# (node:49682) [MODULE_TYPELESS_PACKAGE_JSON] Warning: Module type of file:///Volumes/X9_DEV/Dev/Projects/promptops-gui/tests/s18/compiler_determinism.test.ts is not specified and it doesn't parse as CommonJS.
# Reparsing as ES module because module syntax was detected. This incurs a performance overhead.
# To eliminate this warning, add "type": "module" to /Volumes/X9_DEV/Dev/Projects/promptops-gui/package.json.
# Subtest: S18 compiler: same inputs produce byte-identical prompt artifact
ok 5 - S18 compiler: same inputs produce byte-identical prompt artifact
  ---
  duration_ms: 1.743667
  type: 'test'
  ...
# Subtest: S18 compiler: missing placeholders fail deterministically
ok 6 - S18 compiler: missing placeholders fail deterministically
  ---
  duration_ms: 2.354125
  type: 'test'
  ...
# (node:49683) ExperimentalWarning: Type Stripping is an experimental feature and might change at any time
# (Use `node --trace-warnings ...` to show where the warning was created)
# (node:49683) [MODULE_TYPELESS_PACKAGE_JSON] Warning: Module type of file:///Volumes/X9_DEV/Dev/Projects/promptops-gui/tests/s18/contracts.test.ts is not specified and it doesn't parse as CommonJS.
# Reparsing as ES module because module syntax was detected. This incurs a performance overhead.
# To eliminate this warning, add "type": "module" to /Volumes/X9_DEV/Dev/Projects/promptops-gui/package.json.
# Subtest: S18 contracts: schema file is valid and includes core loop/state guarantees
ok 7 - S18 contracts: schema file is valid and includes core loop/state guarantees
  ---
  duration_ms: 8.487291
  type: 'test'
  ...
# Subtest: S18 contracts: CI required tests list exists and files are present
ok 8 - S18 contracts: CI required tests list exists and files are present
  ---
  duration_ms: 0.803916
  type: 'test'
  ...
# Subtest: S18 contracts: blocked transition coverage includes project_bootstrapped
ok 9 - S18 contracts: blocked transition coverage includes project_bootstrapped
  ---
  duration_ms: 3.54775
  type: 'test'
  ...
# Subtest: S18 contracts: UXQ-01 status and evidence path are tracked once implemented
ok 10 - S18 contracts: UXQ-01 status and evidence path are tracked once implemented
  ---
  duration_ms: 0.298375
  type: 'test'
  ...
# (node:49684) ExperimentalWarning: Type Stripping is an experimental feature and might change at any time
# (Use `node --trace-warnings ...` to show where the warning was created)
# (node:49684) [MODULE_TYPELESS_PACKAGE_JSON] Warning: Module type of file:///Volumes/X9_DEV/Dev/Projects/promptops-gui/tests/s18/first_run_wizard.test.ts is not specified and it doesn't parse as CommonJS.
# Reparsing as ES module because module syntax was detected. This incurs a performance overhead.
# To eliminate this warning, add "type": "module" to /Volumes/X9_DEV/Dev/Projects/promptops-gui/package.json.
# Subtest: S18-UXQ-01 wizard: captures idea and auto project name deterministically
ok 11 - S18-UXQ-01 wizard: captures idea and auto project name deterministically
  ---
  duration_ms: 0.481292
  type: 'test'
  ...
# Subtest: S18-UXQ-01 wizard: manual project name override survives finalization
ok 12 - S18-UXQ-01 wizard: manual project name override survives finalization
  ---
  duration_ms: 0.50225
  type: 'test'
  ...
# Subtest: S18-UXQ-01 wizard: repo root confirmation is mandatory and resets on changed input
ok 13 - S18-UXQ-01 wizard: repo root confirmation is mandatory and resets on changed input
  ---
  duration_ms: 0.232917
  type: 'test'
  ...
# Subtest: S18-UXQ-01 wizard: create draft ignores preconfirmed repo-root input
ok 14 - S18-UXQ-01 wizard: create draft ignores preconfirmed repo-root input
  ---
  duration_ms: 0.075791
  type: 'test'
  ...
# Subtest: S18-UXQ-01 wizard: finalization uses confirmed repo root rather than mutable draft input
ok 15 - S18-UXQ-01 wizard: finalization uses confirmed repo root rather than mutable draft input
  ---
  duration_ms: 0.160667
  type: 'test'
  ...
# (node:49685) ExperimentalWarning: Type Stripping is an experimental feature and might change at any time
# (Use `node --trace-warnings ...` to show where the warning was created)
# (node:49685) [MODULE_TYPELESS_PACKAGE_JSON] Warning: Module type of file:///Volumes/X9_DEV/Dev/Projects/promptops-gui/tests/s18/orchestration_loop.test.ts is not specified and it doesn't parse as CommonJS.
# Reparsing as ES module because module syntax was detected. This incurs a performance overhead.
# To eliminate this warning, add "type": "module" to /Volumes/X9_DEV/Dev/Projects/promptops-gui/package.json.
# Subtest: S18 orchestration: complete verdict reaches done
ok 16 - S18 orchestration: complete verdict reaches done
  ---
  duration_ms: 0.423125
  type: 'test'
  ...
# Subtest: S18 orchestration: delta verdict routes to delta_required then prompt_ready
ok 17 - S18 orchestration: delta verdict routes to delta_required then prompt_ready
  ---
  duration_ms: 0.122208
  type: 'test'
  ...
# Subtest: S18 orchestration: needs_input verdict routes to blocked
ok 18 - S18 orchestration: needs_input verdict routes to blocked
  ---
  duration_ms: 0.050542
  type: 'test'
  ...
# (node:49686) ExperimentalWarning: Type Stripping is an experimental feature and might change at any time
# (Use `node --trace-warnings ...` to show where the warning was created)
# (node:49686) [MODULE_TYPELESS_PACKAGE_JSON] Warning: Module type of file:///Volumes/X9_DEV/Dev/Projects/promptops-gui/tests/s18/planner_determinism.test.ts is not specified and it doesn't parse as CommonJS.
# Reparsing as ES module because module syntax was detected. This incurs a performance overhead.
# To eliminate this warning, add "type": "module" to /Volumes/X9_DEV/Dev/Projects/promptops-gui/package.json.
# Subtest: S18 planner: same input yields identical canonical JSON and hash
ok 19 - S18 planner: same input yields identical canonical JSON and hash
  ---
  duration_ms: 1.766334
  type: 'test'
  ...
# Subtest: S18 planner: fallback requirement is deterministic when template has no bullets
ok 20 - S18 planner: fallback requirement is deterministic when template has no bullets
  ---
  duration_ms: 0.242625
  type: 'test'
  ...
# (node:49687) ExperimentalWarning: Type Stripping is an experimental feature and might change at any time
# (Use `node --trace-warnings ...` to show where the warning was created)
# (node:49687) [MODULE_TYPELESS_PACKAGE_JSON] Warning: Module type of file:///Volumes/X9_DEV/Dev/Projects/promptops-gui/tests/s18/policy_controls.test.ts is not specified and it doesn't parse as CommonJS.
# Reparsing as ES module because module syntax was detected. This incurs a performance overhead.
# To eliminate this warning, add "type": "module" to /Volumes/X9_DEV/Dev/Projects/promptops-gui/package.json.
# Subtest: S18 policy controls: contract defines maintainability, scope, and evidence locks
ok 21 - S18 policy controls: contract defines maintainability, scope, and evidence locks
  ---
  duration_ms: 2.90975
  type: 'test'
  ...
# Subtest: S18 policy controls: verify script enforces gap-proof, scope allowlist, and receipt index
ok 22 - S18 policy controls: verify script enforces gap-proof, scope allowlist, and receipt index
  ---
  duration_ms: 0.452583
  type: 'test'
  ...
# (node:49688) ExperimentalWarning: Type Stripping is an experimental feature and might change at any time
# (Use `node --trace-warnings ...` to show where the warning was created)
# (node:49688) [MODULE_TYPELESS_PACKAGE_JSON] Warning: Module type of file:///Volumes/X9_DEV/Dev/Projects/promptops-gui/tests/s18/project_bootstrap.test.ts is not specified and it doesn't parse as CommonJS.
# Reparsing as ES module because module syntax was detected. This incurs a performance overhead.
# To eliminate this warning, add "type": "module" to /Volumes/X9_DEV/Dev/Projects/promptops-gui/package.json.
# Subtest: S18 bootstrap: deterministic project naming and explicit repo root
ok 23 - S18 bootstrap: deterministic project naming and explicit repo root
  ---
  duration_ms: 2.51175
  type: 'test'
  ...
# Subtest: S18 bootstrap: env fallback works when explicit input is absent
ok 24 - S18 bootstrap: env fallback works when explicit input is absent
  ---
  duration_ms: 0.148167
  type: 'test'
  ...
# Subtest: S18 bootstrap: missing repo root hard-stops deterministically
ok 25 - S18 bootstrap: missing repo root hard-stops deterministically
  ---
  duration_ms: 0.18
  type: 'test'
  ...
# (node:49689) ExperimentalWarning: Type Stripping is an experimental feature and might change at any time
# (Use `node --trace-warnings ...` to show where the warning was created)
# (node:49689) [MODULE_TYPELESS_PACKAGE_JSON] Warning: Module type of file:///Volumes/X9_DEV/Dev/Projects/promptops-gui/tests/s18/replay_resume.test.ts is not specified and it doesn't parse as CommonJS.
# Reparsing as ES module because module syntax was detected. This incurs a performance overhead.
# To eliminate this warning, add "type": "module" to /Volumes/X9_DEV/Dev/Projects/promptops-gui/package.json.
# Subtest: S18 replay/resume: checkpoint round-trip preserves payload hash
ok 26 - S18 replay/resume: checkpoint round-trip preserves payload hash
  ---
  duration_ms: 2.490958
  type: 'test'
  ...
# Subtest: S18 replay/resume: payload drift changes deterministic hash
ok 27 - S18 replay/resume: payload drift changes deterministic hash
  ---
  duration_ms: 0.098
  type: 'test'
  ...
# (node:49690) ExperimentalWarning: Type Stripping is an experimental feature and might change at any time
# (Use `node --trace-warnings ...` to show where the warning was created)
# (node:49690) [MODULE_TYPELESS_PACKAGE_JSON] Warning: Module type of file:///Volumes/X9_DEV/Dev/Projects/promptops-gui/tests/s18/repo_root_injection.test.ts is not specified and it doesn't parse as CommonJS.
# Reparsing as ES module because module syntax was detected. This incurs a performance overhead.
# To eliminate this warning, add "type": "module" to /Volumes/X9_DEV/Dev/Projects/promptops-gui/package.json.
# Subtest: S18 prompt context: injects deterministic project context fields
ok 28 - S18 prompt context: injects deterministic project context fields
  ---
  duration_ms: 3.967208
  type: 'test'
  ...
# Subtest: S18 compiler: generated prompt includes repo root + strategy context
ok 29 - S18 compiler: generated prompt includes repo root + strategy context
  ---
  duration_ms: 0.623208
  type: 'test'
  ...
# (node:49691) ExperimentalWarning: Type Stripping is an experimental feature and might change at any time
# (Use `node --trace-warnings ...` to show where the warning was created)
# (node:49691) [MODULE_TYPELESS_PACKAGE_JSON] Warning: Module type of file:///Volumes/X9_DEV/Dev/Projects/promptops-gui/tests/s18/state_machine.test.ts is not specified and it doesn't parse as CommonJS.
# Reparsing as ES module because module syntax was detected. This incurs a performance overhead.
# To eliminate this warning, add "type": "module" to /Volumes/X9_DEV/Dev/Projects/promptops-gui/package.json.
# Subtest: S18 state machine: legal path reaches done
ok 30 - S18 state machine: legal path reaches done
  ---
  duration_ms: 0.572542
  type: 'test'
  ...
# Subtest: S18 state machine: delta verdict loops back via delta_required
ok 31 - S18 state machine: delta verdict loops back via delta_required
  ---
  duration_ms: 0.69125
  type: 'test'
  ...
# Subtest: S18 state machine: illegal transitions are rejected
ok 32 - S18 state machine: illegal transitions are rejected
  ---
  duration_ms: 0.544417
  type: 'test'
  ...
1..32
# tests 32
# suites 0
# pass 32
# fail 0
# cancelled 0
# skipped 0
# todo 0
# duration_ms 362.847209
[verify:s18] stoplight non-determinism grep (src/s18 only)
[verify:s18] stoplight hardcoded path grep (src/s18 only)
[verify:s18] PASS
